<?xml version="1.0" encoding="UTF-8"?>
<coverage generated="1671511514385" clover="3.2.0">
  <project timestamp="1671511514385" name="All files">
    <metrics statements="11" coveredstatements="11" conditionals="0" coveredconditionals="0" methods="5" coveredmethods="5" elements="16" coveredelements="16" complexity="0" loc="11" ncloc="11" packages="1" files="5" classes="5"/>
    <file name="App.js" path="D:\Semester7\MAD\Lab\jest-test-cases\App.js">
      <metrics statements="2" coveredstatements="2" conditionals="0" coveredconditionals="0" methods="1" coveredmethods="1"/>
      <line num="55" count="2" type="stmt"/>
      <line num="80" count="1" type="stmt"/>
    </file>
    <file name="Divide.js" path="D:\Semester7\MAD\Lab\jest-test-cases\Divide.js">
      <metrics statements="2" coveredstatements="2" conditionals="0" coveredconditionals="0" methods="1" coveredmethods="1"/>
      <line num="1" count="1" type="stmt"/>
      <line num="2" count="1" type="stmt"/>
    </file>
    <file name="Multiply.js" path="D:\Semester7\MAD\Lab\jest-test-cases\Multiply.js">
      <metrics statements="2" coveredstatements="2" conditionals="0" coveredconditionals="0" methods="1" coveredmethods="1"/>
      <line num="1" count="1" type="stmt"/>
      <line num="2" count="1" type="stmt"/>
    </file>
    <file name="Subtract.js" path="D:\Semester7\MAD\Lab\jest-test-cases\Subtract.js">
      <metrics statements="2" coveredstatements="2" conditionals="0" coveredconditionals="0" methods="1" coveredmethods="1"/>
      <line num="1" count="1" type="stmt"/>
      <line num="2" count="1" type="stmt"/>
    </file>
    <file name="Sum.js" path="D:\Semester7\MAD\Lab\jest-test-cases\Sum.js">
      <metrics statements="3" coveredstatements="3" conditionals="0" coveredconditionals="0" methods="1" coveredmethods="1"/>
      <line num="1" count="1" type="stmt"/>
      <line num="2" count="1" type="stmt"/>
      <line num="5" count="1" type="stmt"/>
    </file>
  </project>
</coverage>
