{"D:\\Semester7\\MAD\\Lab\\jest-test-cases\\App.js": {"path":"D:\\Semester7\\MAD\\Lab\\jest-test-cases\\App.js","statementMap":{"0":{"start":{"line":55,"column":2},"end":{"line":77,"column":4}},"1":{"start":{"line":80,"column":15},"end":{"line":87,"column":2}}},"fnMap":{"0":{"name":"App","decl":{"start":{"line":20,"column":24},"end":{"line":20,"column":27}},"loc":{"start":{"line":20,"column":30},"end":{"line":78,"column":1}},"line":20}},"branchMap":{},"s":{"0":2,"1":1},"f":{"0":2},"b":{},"_coverageSchema":"1a1c01bbd47fc00a2c39e90264f33305004495a9","hash":"7287d78fee62ac0b22e675291ca48702c4632b40"}
,"D:\\Semester7\\MAD\\Lab\\jest-test-cases\\Divide.js": {"path":"D:\\Semester7\\MAD\\Lab\\jest-test-cases\\Divide.js","statementMap":{"0":{"start":{"line":1,"column":0},"end":{"line":3,"column":2}},"1":{"start":{"line":2,"column":2},"end":{"line":2,"column":15}}},"fnMap":{"0":{"name":"(anonymous_0)","decl":{"start":{"line":1,"column":9},"end":{"line":1,"column":10}},"loc":{"start":{"line":1,"column":19},"end":{"line":3,"column":1}},"line":1}},"branchMap":{},"s":{"0":1,"1":1},"f":{"0":1},"b":{},"_coverageSchema":"1a1c01bbd47fc00a2c39e90264f33305004495a9","hash":"b7106165a28e032c4f3ef8dbd54efa2752f66b04"}
,"D:\\Semester7\\MAD\\Lab\\jest-test-cases\\Multiply.js": {"path":"D:\\Semester7\\MAD\\Lab\\jest-test-cases\\Multiply.js","statementMap":{"0":{"start":{"line":1,"column":0},"end":{"line":3,"column":2}},"1":{"start":{"line":2,"column":2},"end":{"line":2,"column":15}}},"fnMap":{"0":{"name":"(anonymous_0)","decl":{"start":{"line":1,"column":11},"end":{"line":1,"column":12}},"loc":{"start":{"line":1,"column":21},"end":{"line":3,"column":1}},"line":1}},"branchMap":{},"s":{"0":1,"1":1},"f":{"0":1},"b":{},"_coverageSchema":"1a1c01bbd47fc00a2c39e90264f33305004495a9","hash":"ca1a1f21daebdf133bc42b7a79789fb8239f8db2"}
,"D:\\Semester7\\MAD\\Lab\\jest-test-cases\\Subtract.js": {"path":"D:\\Semester7\\MAD\\Lab\\jest-test-cases\\Subtract.js","statementMap":{"0":{"start":{"line":1,"column":0},"end":{"line":3,"column":2}},"1":{"start":{"line":2,"column":2},"end":{"line":2,"column":15}}},"fnMap":{"0":{"name":"(anonymous_0)","decl":{"start":{"line":1,"column":11},"end":{"line":1,"column":12}},"loc":{"start":{"line":1,"column":21},"end":{"line":3,"column":1}},"line":1}},"branchMap":{},"s":{"0":1,"1":1},"f":{"0":1},"b":{},"_coverageSchema":"1a1c01bbd47fc00a2c39e90264f33305004495a9","hash":"72e441830a266016aea24b62ef2084c4848a2c4e"}
,"D:\\Semester7\\MAD\\Lab\\jest-test-cases\\Sum.js": {"path":"D:\\Semester7\\MAD\\Lab\\jest-test-cases\\Sum.js","statementMap":{"0":{"start":{"line":1,"column":0},"end":{"line":3,"column":1}},"1":{"start":{"line":2,"column":0},"end":{"line":2,"column":11}},"2":{"start":{"line":5,"column":0},"end":{"line":5,"column":19}}},"fnMap":{"0":{"name":"(anonymous_0)","decl":{"start":{"line":1,"column":4},"end":{"line":1,"column":5}},"loc":{"start":{"line":1,"column":11},"end":{"line":3,"column":1}},"line":1}},"branchMap":{},"s":{"0":1,"1":1,"2":1},"f":{"0":1},"b":{},"_coverageSchema":"1a1c01bbd47fc00a2c39e90264f33305004495a9","hash":"5ee7a3fc1e31d8a76a2be64e1d54ded5719dc6b8"}
}
