{"/Users/akhzarnazir/Desktop/Comsats/Lecture/bseadmob/App.js": {"path":"/Users/akhzarnazir/Desktop/Comsats/Lecture/bseadmob/App.js","statementMap":{"0":{"start":{"line":55,"column":2},"end":{"line":77,"column":4}},"1":{"start":{"line":80,"column":15},"end":{"line":87,"column":2}}},"fnMap":{"0":{"name":"App","decl":{"start":{"line":20,"column":24},"end":{"line":20,"column":27}},"loc":{"start":{"line":20,"column":30},"end":{"line":78,"column":1}},"line":20}},"branchMap":{},"s":{"0":2,"1":1},"f":{"0":2},"b":{},"_coverageSchema":"1a1c01bbd47fc00a2c39e90264f33305004495a9","hash":"95cd4c5745155f52f63391f21eefa8aef3fb27fe"}
,"/Users/akhzarnazir/Desktop/Comsats/Lecture/bseadmob/Sum.js": {"path":"/Users/akhzarnazir/Desktop/Comsats/Lecture/bseadmob/Sum.js","statementMap":{"0":{"start":{"line":1,"column":0},"end":{"line":3,"column":1}},"1":{"start":{"line":2,"column":0},"end":{"line":2,"column":11}},"2":{"start":{"line":5,"column":0},"end":{"line":5,"column":19}}},"fnMap":{"0":{"name":"(anonymous_0)","decl":{"start":{"line":1,"column":4},"end":{"line":1,"column":5}},"loc":{"start":{"line":1,"column":11},"end":{"line":3,"column":1}},"line":1}},"branchMap":{},"s":{"0":1,"1":1,"2":1},"f":{"0":1},"b":{},"_coverageSchema":"1a1c01bbd47fc00a2c39e90264f33305004495a9","hash":"c04d6340aa18c271ec7f6ba240e6e796aba1f42f"}
}
